<?xml version="1.0" encoding="UTF-8"?>
<!-- Generated by org.testng.reporters.JUnitReportReporter -->
<testsuite hostname="DESKTOP-28CK1DU" failures="0" tests="1" name="testsLayer.AdminSystemUserSearch" time="34.872" errors="0" timestamp="2024-06-24T22:39:11 IST" skipped="0">
  <testcase classname="testsLayer.AdminSystemUserSearch" name="test" time="34.872"/>
</testsuite> <!-- testsLayer.AdminSystemUserSearch -->
