<?xml version="1.0" encoding="UTF-8"?>
<!-- Generated by org.testng.reporters.JUnitReportReporter -->
<testsuite hostname="DESKTOP-28CK1DU" failures="0" tests="1" name="tests.AdminSystemUserSearch" time="1.734" errors="0" timestamp="2024-06-18T20:24:25 IST" skipped="0">
  <testcase classname="tests.AdminSystemUserSearch" name="AdminSystemUserSearch" time="1.734"/>
</testsuite> <!-- tests.AdminSystemUserSearch -->
