<?xml version="1.0" encoding="UTF-8"?>
<!-- Generated by org.testng.reporters.JUnitReportReporter -->
<testsuite hostname="DESKTOP-28CK1DU" failures="0" tests="1" name="tests.AdministratorLoginTest" time="6.419" errors="0" timestamp="2024-06-13T19:40:55 IST" skipped="0">
  <testcase classname="tests.AdministratorLoginTest" name="loginTestValidIDPass" time="6.419"/>
</testsuite> <!-- tests.AdministratorLoginTest -->
