<?xml version="1.0" encoding="UTF-8"?>
<!-- Generated by org.testng.reporters.JUnitReportReporter -->
<testsuite hostname="DESKTOP-28CK1DU" failures="0" tests="1" name="tests.LoginPageTest" time="3.077" errors="0" timestamp="2024-06-03T17:59:49 IST" skipped="0">
  <testcase classname="tests.LoginPageTest" name="loginPageTitleTest" time="3.077"/>
</testsuite> <!-- tests.LoginPageTest -->
