<?xml version="1.0" encoding="UTF-8"?>
<!-- Generated by org.testng.reporters.JUnitReportReporter -->
<testsuite hostname="DESKTOP-28CK1DU" failures="0" tests="4" name="tests.LoginDDT" time="9.341" errors="0" timestamp="2024-06-13T19:40:55 IST" skipped="0">
  <testcase classname="tests.LoginDDT" name="loginTestValidIDPass" time="1.337"/>
  <testcase classname="tests.LoginDDT" name="loginTestValidIDPass" time="1.737"/>
  <testcase classname="tests.LoginDDT" name="loginTestValidIDPass" time="4.592"/>
  <testcase classname="tests.LoginDDT" name="loginTestValidIDPass" time="1.675"/>
</testsuite> <!-- tests.LoginDDT -->
