<?xml version="1.0" encoding="UTF-8"?>
<!-- Generated by org.testng.reporters.JUnitReportReporter -->
<testsuite hostname="DESKTOP-28CK1DU" failures="0" tests="1" name="tests.GetApi" time="1.039" errors="0" timestamp="2024-06-06T16:29:10 IST" skipped="0">
  <testcase classname="tests.GetApi" name="getUserApiTest" time="1.039"/>
</testsuite> <!-- tests.GetApi -->
