<?xml version="1.0" encoding="UTF-8"?>
<!-- Generated by org.testng.reporters.JUnitReportReporter -->
<testsuite hostname="DESKTOP-28CK1DU" failures="0" tests="4" name="testsLayer.LoginDDT" time="12.279" errors="0" timestamp="2024-06-24T20:01:52 IST" skipped="0">
  <testcase classname="testsLayer.LoginDDT" name="loginTestValidIDPass" time="1.972"/>
  <testcase classname="testsLayer.LoginDDT" name="loginTestValidIDPass" time="5.562"/>
  <testcase classname="testsLayer.LoginDDT" name="loginTestValidIDPass" time="2.347"/>
  <testcase classname="testsLayer.LoginDDT" name="loginTestValidIDPass" time="2.398"/>
</testsuite> <!-- testsLayer.LoginDDT -->
