<?xml version="1.0" encoding="UTF-8"?>
<!-- Generated by org.testng.reporters.JUnitReportReporter -->
<testsuite hostname="DESKTOP-28CK1DU" failures="0" tests="1" name="tests.LoginPageTest" time="0.028" errors="0" timestamp="2024-05-29T14:48:40 IST" skipped="0">
  <testcase classname="tests.LoginPageTest" name="loginPageTitleTest" time="0.028"/>
</testsuite> <!-- tests.LoginPageTest -->
