<?xml version="1.0" encoding="UTF-8"?>
<!-- Generated by org.testng.reporters.JUnitReportReporter -->
<testsuite hostname="DESKTOP-28CK1DU" failures="0" tests="1" name="tests.AdministratorLoginTest" time="10.248" errors="0" timestamp="2024-06-16T05:44:29 IST" skipped="0">
  <testcase classname="tests.AdministratorLoginTest" name="loginTestValidIDPass" time="10.248"/>
</testsuite> <!-- tests.AdministratorLoginTest -->
