<?xml version="1.0" encoding="UTF-8"?>
<!-- Generated by org.testng.reporters.JUnitReportReporter -->
<testsuite hostname="DESKTOP-28CK1DU" failures="0" tests="1" name="tests.LoginPageTest" time="4.819" errors="0" timestamp="2024-06-16T05:44:29 IST" skipped="0">
  <testcase classname="tests.LoginPageTest" name="loginTestValidIDPass" time="4.819"/>
</testsuite> <!-- tests.LoginPageTest -->
