<?xml version="1.0" encoding="UTF-8"?>
<!-- Generated by org.testng.reporters.JUnitReportReporter -->
<testsuite hostname="DESKTOP-28CK1DU" failures="0" tests="1" name="tests.LoginPageTest" time="3.344" errors="0" timestamp="2024-06-04T14:55:48 IST" skipped="0">
  <testcase classname="tests.LoginPageTest" name="loginTestValidIDPass" time="3.344"/>
</testsuite> <!-- tests.LoginPageTest -->
