<?xml version="1.0" encoding="UTF-8"?>
<!-- Generated by org.testng.reporters.JUnitReportReporter -->
<testsuite hostname="DESKTOP-28CK1DU" failures="0" tests="4" name="tests.LoginDDT" time="9.349" errors="0" timestamp="2024-06-21T19:57:05 IST" skipped="0">
  <testcase classname="tests.LoginDDT" name="loginTestValidIDPass" time="1.797"/>
  <testcase classname="tests.LoginDDT" name="loginTestValidIDPass" time="1.462"/>
  <testcase classname="tests.LoginDDT" name="loginTestValidIDPass" time="4.618"/>
  <testcase classname="tests.LoginDDT" name="loginTestValidIDPass" time="1.472"/>
</testsuite> <!-- tests.LoginDDT -->
