<?xml version="1.0" encoding="UTF-8"?>
<!-- Generated by org.testng.reporters.JUnitReportReporter -->
<testsuite hostname="DESKTOP-28CK1DU" failures="0" tests="4" name="tests.LoginDDT" time="10.190" errors="0" timestamp="2024-06-12T18:49:39 IST" skipped="0">
  <testcase classname="tests.LoginDDT" name="loginTestValidIDPass" time="1.881"/>
  <testcase classname="tests.LoginDDT" name="loginTestValidIDPass" time="2.151"/>
  <testcase classname="tests.LoginDDT" name="loginTestValidIDPass" time="1.481"/>
  <testcase classname="tests.LoginDDT" name="loginTestValidIDPass" time="4.677"/>
</testsuite> <!-- tests.LoginDDT -->
