<?xml version="1.0" encoding="UTF-8"?>
<!-- Generated by org.testng.reporters.JUnitReportReporter -->
<testsuite hostname="DESKTOP-28CK1DU" failures="0" tests="4" name="tests.LoginDDT" time="10.183" errors="0" timestamp="2024-06-24T10:33:00 IST" skipped="0">
  <testcase classname="tests.LoginDDT" name="loginTestValidIDPass" time="1.812"/>
  <testcase classname="tests.LoginDDT" name="loginTestValidIDPass" time="4.829"/>
  <testcase classname="tests.LoginDDT" name="loginTestValidIDPass" time="1.842"/>
  <testcase classname="tests.LoginDDT" name="loginTestValidIDPass" time="1.700"/>
</testsuite> <!-- tests.LoginDDT -->
