<?xml version="1.0" encoding="UTF-8"?>
<!-- Generated by org.testng.reporters.JUnitReportReporter -->
<testsuite hostname="DESKTOP-28CK1DU" failures="0" tests="4" name="testsLayer.LoginDDT" time="48.510" errors="0" timestamp="2024-06-24T22:39:11 IST" skipped="0">
  <testcase classname="testsLayer.LoginDDT" name="loginTestValidIDPass" time="24.942"/>
  <testcase classname="testsLayer.LoginDDT" name="loginTestValidIDPass" time="11.590"/>
  <testcase classname="testsLayer.LoginDDT" name="loginTestValidIDPass" time="6.430"/>
  <testcase classname="testsLayer.LoginDDT" name="loginTestValidIDPass" time="5.548"/>
</testsuite> <!-- testsLayer.LoginDDT -->
