<?xml version="1.0" encoding="UTF-8"?>
<!-- Generated by org.testng.reporters.JUnitReportReporter -->
<testsuite hostname="DESKTOP-28CK1DU" failures="0" tests="1" name="testsLayer.AddEmploy" time="8.926" errors="0" timestamp="2024-06-24T15:48:43 IST" skipped="0">
  <testcase classname="testsLayer.AddEmploy" name="AddEmployeeTest" time="8.926"/>
</testsuite> <!-- testsLayer.AddEmploy -->
