<?xml version="1.0" encoding="UTF-8"?>
<!-- Generated by org.testng.reporters.JUnitReportReporter -->
<testsuite hostname="DESKTOP-28CK1DU" failures="0" tests="1" name="tests.AdminSystemUserSearch" time="6.142" errors="0" timestamp="2024-06-24T10:33:00 IST" skipped="0">
  <testcase classname="tests.AdminSystemUserSearch" name="test" time="6.142"/>
</testsuite> <!-- tests.AdminSystemUserSearch -->
