<?xml version="1.0" encoding="UTF-8"?>
<!-- Generated by org.testng.reporters.JUnitReportReporter -->
<testsuite hostname="DESKTOP-28CK1DU" failures="0" tests="1" name="tests.GetApi" time="0.948" errors="0" timestamp="2024-06-12T18:49:39 IST" skipped="0">
  <testcase classname="tests.GetApi" name="getUserApiTest" time="0.948"/>
</testsuite> <!-- tests.GetApi -->
