<?xml version="1.0" encoding="UTF-8"?>
<!-- Generated by org.testng.reporters.JUnitReportReporter -->
<testsuite hostname="DESKTOP-28CK1DU" failures="0" tests="4" name="tests.LoginDDT" time="9.209" errors="0" timestamp="2024-06-06T10:45:38 IST" skipped="0">
  <testcase classname="tests.LoginDDT" name="loginTestValidIDPass" time="1.680"/>
  <testcase classname="tests.LoginDDT" name="loginTestValidIDPass" time="4.352"/>
  <testcase classname="tests.LoginDDT" name="loginTestValidIDPass" time="1.302"/>
  <testcase classname="tests.LoginDDT" name="loginTestValidIDPass" time="1.875"/>
</testsuite> <!-- tests.LoginDDT -->
