<?xml version="1.0" encoding="UTF-8"?>
<!-- Generated by org.testng.reporters.JUnitReportReporter -->
<testsuite hostname="DESKTOP-28CK1DU" failures="0" tests="4" name="tests.LoginDDT" time="17.784" errors="0" timestamp="2024-06-16T05:44:29 IST" skipped="0">
  <testcase classname="tests.LoginDDT" name="loginTestValidIDPass" time="3.614"/>
  <testcase classname="tests.LoginDDT" name="loginTestValidIDPass" time="2.970"/>
  <testcase classname="tests.LoginDDT" name="loginTestValidIDPass" time="2.971"/>
  <testcase classname="tests.LoginDDT" name="loginTestValidIDPass" time="8.229"/>
</testsuite> <!-- tests.LoginDDT -->
