<?xml version="1.0" encoding="UTF-8"?>
<!-- Generated by org.testng.reporters.JUnitReportReporter -->
<testsuite hostname="DESKTOP-28CK1DU" failures="0" tests="1" name="testsLayer.AddEmploy" time="19.786" errors="0" timestamp="2024-06-24T22:39:11 IST" skipped="0">
  <testcase classname="testsLayer.AddEmploy" name="AddEmployeeTest" time="19.786"/>
</testsuite> <!-- testsLayer.AddEmploy -->
