<?xml version="1.0" encoding="UTF-8"?>
<!-- Generated by org.testng.reporters.JUnitReportReporter -->
<testsuite hostname="DESKTOP-28CK1DU" failures="0" tests="1" name="testsLayer.AdministratorLoginTest" time="37.223" errors="0" timestamp="2024-06-24T20:01:52 IST" skipped="0">
  <testcase classname="testsLayer.AdministratorLoginTest" name="loginTestValidIDPass" time="37.223"/>
</testsuite> <!-- testsLayer.AdministratorLoginTest -->
