<?xml version="1.0" encoding="UTF-8"?>
<!-- Generated by org.testng.reporters.JUnitReportReporter -->
<testsuite hostname="DESKTOP-28CK1DU" failures="0" tests="4" name="tests.LoginDDT" time="9.743" errors="0" timestamp="2024-06-19T13:01:50 IST" skipped="0">
  <testcase classname="tests.LoginDDT" name="loginTestValidIDPass" time="1.942"/>
  <testcase classname="tests.LoginDDT" name="loginTestValidIDPass" time="1.374"/>
  <testcase classname="tests.LoginDDT" name="loginTestValidIDPass" time="1.662"/>
  <testcase classname="tests.LoginDDT" name="loginTestValidIDPass" time="4.765"/>
</testsuite> <!-- tests.LoginDDT -->
