<?xml version="1.0" encoding="UTF-8"?>
<!-- Generated by org.testng.reporters.JUnitReportReporter -->
<testsuite hostname="DESKTOP-28CK1DU" failures="0" tests="1" name="tests.AdministratorLoginTest" time="7.782" errors="0" timestamp="2024-06-04T16:27:10 IST" skipped="0">
  <testcase classname="tests.AdministratorLoginTest" name="loginTestValidIDPass" time="7.782"/>
</testsuite> <!-- tests.AdministratorLoginTest -->
