<?xml version="1.0" encoding="UTF-8"?>
<!-- Generated by org.testng.reporters.JUnitReportReporter -->
<testsuite hostname="DESKTOP-28CK1DU" failures="0" tests="1" name="tests.LoginPageTest" time="3.075" errors="0" timestamp="2024-05-30T16:09:03 IST" skipped="0">
  <testcase classname="tests.LoginPageTest" name="loginPageTitleTest" time="3.075"/>
</testsuite> <!-- tests.LoginPageTest -->
