<?xml version="1.0" encoding="UTF-8"?>
<!-- Generated by org.testng.reporters.JUnitReportReporter -->
<testsuite hostname="DESKTOP-28CK1DU" failures="0" tests="1" name="tests.LoginPageTest" time="1.536" errors="0" timestamp="2024-06-19T14:08:53 IST" skipped="0">
  <testcase classname="tests.LoginPageTest" name="loginTestValidIDPass" time="1.536"/>
</testsuite> <!-- tests.LoginPageTest -->
