<?xml version="1.0" encoding="UTF-8"?>
<!-- Generated by org.testng.reporters.JUnitReportReporter -->
<testsuite hostname="DESKTOP-28CK1DU" failures="0" tests="4" name="testsLayer.LoginDDT" time="11.956" errors="0" timestamp="2024-06-24T15:48:44 IST" skipped="0">
  <testcase classname="testsLayer.LoginDDT" name="loginTestValidIDPass" time="1.641"/>
  <testcase classname="testsLayer.LoginDDT" name="loginTestValidIDPass" time="2.014"/>
  <testcase classname="testsLayer.LoginDDT" name="loginTestValidIDPass" time="1.448"/>
  <testcase classname="testsLayer.LoginDDT" name="loginTestValidIDPass" time="6.853"/>
</testsuite> <!-- testsLayer.LoginDDT -->
